<?xml version="1.0" encoding="UTF-8"?>
<!-- Generated by org.testng.reporters.JUnitReportReporter -->
<testsuite hostname="SYNPYBRLF16PHAZ" failures="0" tests="3" name="Synechron.Selenium_TestNG.AnnotationsEg" time="0.013" errors="0" timestamp="2024-12-05T13:32:04 IST" skipped="0">
  <testcase classname="Synechron.Selenium_TestNG.AnnotationsEg" name="testcase3" time="0.002"/>
  <system-out/>
  <testcase classname="Synechron.Selenium_TestNG.AnnotationsEg" name="testcase1" time="0.009"/>
  <system-out/>
  <testcase classname="Synechron.Selenium_TestNG.AnnotationsEg" name="testcase2" time="0.002"/>
  <system-out/>
</testsuite> <!-- Synechron.Selenium_TestNG.AnnotationsEg -->
