<?xml version="1.0" encoding="UTF-8"?>
<!-- Generated by org.testng.reporters.JUnitReportReporter -->
<testsuite hostname="SYNPYBRLF16PHAZ" failures="0" tests="2" name="Synechron.Selenium_TestNG.DependsOnMethodEg" time="0.012" errors="0" timestamp="2024-12-05T12:38:07 IST" skipped="0">
  <testcase classname="Synechron.Selenium_TestNG.DependsOnMethodEg" name="login" time="0.011"/>
  <system-out/>
  <testcase classname="Synechron.Selenium_TestNG.DependsOnMethodEg" name="addtocart" time="0.001"/>
  <system-out/>
</testsuite> <!-- Synechron.Selenium_TestNG.DependsOnMethodEg -->
