<?xml version="1.0" encoding="UTF-8"?>
<!-- Generated by org.testng.reporters.JUnitReportReporter -->
<testsuite hostname="SYNPYBRLF16PHAZ" failures="0" tests="3" name="Synechron.Selenium_TestNG.Prioritysetting" time="0.016" errors="0" timestamp="2024-12-05T11:17:34 IST" skipped="1">
  <testcase classname="Synechron.Selenium_TestNG.Prioritysetting" name="login" time="0.014"/>
  <system-out/>
  <testcase classname="Synechron.Selenium_TestNG.Prioritysetting" name="launchbrowser" time="0.002"/>
  <system-out/>
  <testcase classname="Synechron.Selenium_TestNG.Prioritysetting" name="selectproduct">
    <skipped/>
  </testcase> <!-- selectproduct -->
  <system-out/>
</testsuite> <!-- Synechron.Selenium_TestNG.Prioritysetting -->
