<?xml version="1.0" encoding="UTF-8"?>
<!-- Generated by org.testng.reporters.JUnitReportReporter -->
<testsuite hostname="SYNPYBRLF16PHAZ" failures="0" tests="1" name="Synechron.Selenium_TestNG.TestCase3" time="4.964" errors="0" timestamp="2024-12-05T11:26:16 IST" skipped="0">
  <testcase classname="Synechron.Selenium_TestNG.TestCase3" name="homepage" time="4.964"/>
  <system-out/>
</testsuite> <!-- Synechron.Selenium_TestNG.TestCase3 -->
