<?xml version="1.0" encoding="UTF-8"?>
<!-- Generated by org.testng.reporters.JUnitReportReporter -->
<testsuite hostname="SYNPYBRLF16PHAZ" failures="0" tests="1" name="Synechron.Selenium_TestNG.AutoSuggestion" time="5.723" errors="0" timestamp="2024-12-06T11:28:16 IST" skipped="0">
  <testcase classname="Synechron.Selenium_TestNG.AutoSuggestion" name="autosugg" time="5.723"/>
  <system-out/>
</testsuite> <!-- Synechron.Selenium_TestNG.AutoSuggestion -->
