<?xml version="1.0" encoding="UTF-8"?>
<!-- Generated by org.testng.reporters.JUnitReportReporter -->
<testsuite hostname="SYNPYBRLF16PHAZ" failures="0" tests="1" name="Synechron.Selenium_TestNG.TestCase1" time="3.337" errors="0" timestamp="2024-12-05T11:31:59 IST" skipped="0">
  <testcase classname="Synechron.Selenium_TestNG.TestCase1" name="launchbrowser" time="3.337"/>
  <system-out/>
</testsuite> <!-- Synechron.Selenium_TestNG.TestCase1 -->
