<?xml version="1.0" encoding="UTF-8"?>
<!-- Generated by org.testng.reporters.JUnitReportReporter -->
<testsuite hostname="SYNPYBRLF16PHAZ" failures="0" tests="1" name="Synechron.Selenium_TestNG.AssertionsEg" time="9.525" errors="0" timestamp="2024-12-05T13:02:04 IST" skipped="0">
  <testcase classname="Synechron.Selenium_TestNG.AssertionsEg" name="softassertion" time="9.525"/>
  <system-out/>
</testsuite> <!-- Synechron.Selenium_TestNG.AssertionsEg -->
