<?xml version="1.0" encoding="UTF-8"?>
<!-- Generated by org.testng.reporters.JUnitReportReporter -->
<testsuite hostname="SYNPYBRLF16PHAZ" failures="0" tests="2" name="Synechron.Selenium_TestNG.ParallelExecution" time="9.406" errors="0" timestamp="2024-12-05T11:53:25 IST" skipped="0">
  <testcase classname="Synechron.Selenium_TestNG.ParallelExecution" name="launchbrowserff" time="5.375"/>
  <system-out/>
  <testcase classname="Synechron.Selenium_TestNG.ParallelExecution" name="launchbrowserchrome" time="4.031"/>
  <system-out/>
</testsuite> <!-- Synechron.Selenium_TestNG.ParallelExecution -->
